2022-03-27 13:57:12 INFO  BaseClass:19 - Driver set as Chrome
2022-03-27 13:57:12 INFO  BaseClass:19 - Driver Maximized
2022-03-27 13:57:44 INFO  TC001_Login:19 - Clicking on login
2022-03-27 13:57:44 INFO  HomePage:19 - Entering details
2022-03-27 13:57:45 INFO  HomePage:19 - Entering phone no : 9390919247
2022-03-27 13:57:45 INFO  HomePage:19 - Clicking continue
2022-03-27 13:57:45 INFO  HomePage:19 - Selecting Login with password
2022-03-27 13:57:46 INFO  HomePage:19 - Entering password : nand3799
2022-03-27 13:57:46 INFO  HomePage:19 - Clicking on signIn
2022-03-27 13:57:48 INFO  HomePage:19 - Login Success
2022-03-27 13:57:49 INFO  BaseClass:19 - Driver set as Chrome
2022-03-27 13:57:50 INFO  BaseClass:19 - Driver Maximized
2022-03-27 13:57:52 INFO  TC001_Login:19 - Clicking on login
2022-03-27 13:57:52 INFO  HomePage:19 - Entering details
2022-03-27 13:57:52 INFO  HomePage:19 - Entering phone no : 9390919247
2022-03-27 13:57:53 INFO  HomePage:19 - Clicking continue
2022-03-27 13:57:53 INFO  HomePage:19 - Selecting Login with password
2022-03-27 13:57:53 INFO  HomePage:19 - Entering password : nand3799
2022-03-27 13:57:54 INFO  HomePage:19 - Clicking on signIn
2022-03-27 13:57:55 INFO  HomePage:19 - logged in with invalid credit
2022-03-27 13:57:56 INFO  BaseClass:19 - Driver set as Chrome
2022-03-27 13:57:56 INFO  BaseClass:19 - Driver Maximized
2022-03-27 13:57:59 INFO  TC003_Fan_Page_verification:19 - Verifying fan pages
2022-03-27 13:57:59 INFO  HomePage:19 - Opeining facebook
2022-03-27 13:58:02 INFO  HomePage:19 - Opened Facebook
2022-03-27 13:58:02 INFO  TC003_Fan_Page_verification:19 - Verifying fan pages
2022-03-27 13:58:02 INFO  HomePage:19 - Opeining twitter
2022-03-27 13:58:04 INFO  HomePage:19 - Unable to open Twitter
2022-03-27 13:58:05 INFO  BaseClass:19 - Driver set as Chrome
2022-03-27 13:58:06 INFO  BaseClass:19 - Driver Maximized
2022-03-27 13:58:08 INFO  TC004_Commertial_verify:19 - Starting commertial search test
2022-03-27 13:58:08 INFO  TC004_Commertial_verify:19 - clicked on commertail
2022-03-27 13:58:08 INFO  TC004_Commertial_verify:19 - selcting city as Mumbai
2022-03-27 13:58:08 INFO  TC004_Commertial_verify:19 - Entering loacation as Taj Lands End, Mumbai, Byramji Jeejeebhoy Road, Mount Mary, Bandra West, Mumbai, Maharashtra, India 
2022-03-27 13:58:10 INFO  TC004_Commertial_verify:19 -  Number of Results 7
2022-03-27 13:58:11 INFO  TC004_Commertial_verify:19 - Number of results matched
2022-03-27 13:58:12 INFO  BaseClass:19 - Driver set as Chrome
2022-03-27 13:58:12 INFO  BaseClass:19 - Driver Maximized
2022-03-27 13:58:14 INFO  TC005_FooterPgGostelSearch:19 - Footer Pg hostels
2022-03-27 13:58:14 INFO  TC005_FooterPgGostelSearch:19 - checking presence of city: Powai
2022-03-27 13:58:16 INFO  TC005_FooterPgGostelSearch:19 - City present in PGHostel footer
2022-03-27 13:58:17 INFO  BaseClass:19 - Driver set as Chrome
2022-03-27 13:58:17 INFO  BaseClass:19 - Driver Maximized
2022-03-27 13:58:19 INFO  TC006_LoginAndVeriyDetails:19 - Stared Login and verify
2022-03-27 13:58:19 INFO  TC006_LoginAndVeriyDetails:19 - Clicking on login
2022-03-27 13:58:19 INFO  HomePage:19 - Entering details
2022-03-27 13:58:20 INFO  HomePage:19 - Entering phone no : 9390919247
2022-03-27 13:58:20 INFO  HomePage:19 - Clicking continue
2022-03-27 13:58:20 INFO  HomePage:19 - Selecting Login with password
2022-03-27 13:58:21 INFO  HomePage:19 - Entering password : nand3799
2022-03-27 13:58:21 INFO  HomePage:19 - Clicking on signIn
2022-03-27 13:58:23 INFO  BaseClass:19 - Driver set as Chrome
2022-03-27 13:58:23 INFO  BaseClass:19 - Driver Maximized
2022-03-27 13:58:26 INFO  TC007_BuilderVerify_city:19 - clicked on newBuilder properties started
2022-03-27 13:58:26 INFO  TC007_BuilderVerify_city:19 - clicking new Builder
2022-03-27 13:58:26 INFO  TC007_BuilderVerify_city:19 - Clicking on new builder properties
2022-03-27 13:58:27 INFO  TC007_BuilderVerify_city:19 - Clicking on city :Pune
2022-03-27 13:58:28 INFO  TC007_BuilderVerify_city:19 - New Projects are displaying according to cites
2022-03-27 13:58:29 INFO  BaseClass:19 - Driver set as Chrome
2022-03-27 13:58:29 INFO  BaseClass:19 - Driver Maximized
2022-03-27 13:58:31 INFO  TC008_AndoidApp_download:19 - Clicked on android app download
2022-03-27 13:58:31 INFO  TC008_AndoidApp_download:19 - clicking android download
2022-03-27 13:58:31 INFO  TC008_AndoidApp_download:19 - Clicking on download android app
2022-03-27 13:58:34 INFO  TC008_AndoidApp_download:19 - It opened correct android app
2022-03-27 13:58:35 INFO  BaseClass:19 - Driver set as Chrome
2022-03-27 13:58:35 INFO  BaseClass:19 - Driver Maximized
2022-03-27 13:58:38 INFO  TC009_SearchRent:19 - Starting commertial search test
2022-03-27 13:58:38 INFO  TC004_Commertial_verify:19 - Entering loacation as Taj Lands End, Mumbai, Byramji Jeejeebhoy Road, Mount Mary, Bandra West, Mumbai, Maharashtra, India 
2022-03-27 13:58:43 INFO  TC009_SearchRent:19 -  Number of Results 36
2022-03-27 13:58:44 INFO  TC009_SearchRent:19 - Number of results matched
2022-03-27 13:58:45 INFO  BaseClass:19 - Driver set as Chrome
2022-03-27 13:58:45 INFO  BaseClass:19 - Driver Maximized
2022-03-27 13:58:47 INFO  TC010_Emi_defination:19 - Selecting emi
2022-03-27 13:58:47 INFO  TC010_Emi_defination:19 - Opening the url : https://www.nobroker.in/
2022-03-27 13:58:48 INFO  TC010_Emi_defination:19 - Opeining emi calculator
2022-03-27 13:58:49 INFO  TC010_Emi_defination:19 - Expected principal Amount: 1,000
2022-03-27 13:58:49 INFO  TC010_Emi_defination:19 - Actual principal Amount: ?1,000
2022-03-27 13:58:49 INFO  TC010_Emi_defination:19 - Expected montly Emi: 42
2022-03-27 13:58:49 INFO  TC010_Emi_defination:19 - Actual montly Emi: 42
2022-03-27 13:58:49 INFO  TC010_Emi_defination:19 - Expected Total Intrest: 9,080
2022-03-27 13:58:49 INFO  TC010_Emi_defination:19 - Actual Total Intrest: 9,080
2022-03-27 13:58:49 INFO  TC010_Emi_defination:19 - Expected Total amount: 10,080
2022-03-27 13:58:49 INFO  TC010_Emi_defination:19 - Actual Total Amount: 10,080
2022-03-27 13:58:50 INFO  TC010_Emi_defination:19 - Emi calculations are correct
